0 info it worked if it ends with ok
1 verbose cli [ '/usr/local/bin/node', '/usr/local/bin/npm', 'run', 'karma' ]
2 info using npm@3.10.9
3 info using node@v6.9.2
4 verbose run-script [ 'prekarma', 'karma', 'postkarma' ]
5 info lifecycle css@1.0.0~prekarma: css@1.0.0
6 silly lifecycle css@1.0.0~prekarma: no script for prekarma, continuing
7 info lifecycle css@1.0.0~karma: css@1.0.0
8 verbose lifecycle css@1.0.0~karma: unsafe-perm in lifecycle true
9 verbose lifecycle css@1.0.0~karma: PATH: /usr/local/lib/node_modules/npm/bin/node-gyp-bin:/Users/jameslemire/Documents/DevMtn/DevMtn-CSS-Store/node_modules/.bin:/usr/local/bin:/usr/bin:/bin:/usr/sbin:/sbin
10 verbose lifecycle css@1.0.0~karma: CWD: /Users/jameslemire/Documents/DevMtn/DevMtn-CSS-Store
11 silly lifecycle css@1.0.0~karma: Args: [ '-c', './node_modules/karma/bin/karma start' ]
12 silly lifecycle css@1.0.0~karma: Returned: code: 1  signal: null
13 info lifecycle css@1.0.0~karma: Failed to exec karma script
14 verbose stack Error: css@1.0.0 karma: `./node_modules/karma/bin/karma start`
14 verbose stack Exit status 1
14 verbose stack     at EventEmitter.<anonymous> (/usr/local/lib/node_modules/npm/lib/utils/lifecycle.js:255:16)
14 verbose stack     at emitTwo (events.js:106:13)
14 verbose stack     at EventEmitter.emit (events.js:191:7)
14 verbose stack     at ChildProcess.<anonymous> (/usr/local/lib/node_modules/npm/lib/utils/spawn.js:40:14)
14 verbose stack     at emitTwo (events.js:106:13)
14 verbose stack     at ChildProcess.emit (events.js:191:7)
14 verbose stack     at maybeClose (internal/child_process.js:877:16)
14 verbose stack     at Process.ChildProcess._handle.onexit (internal/child_process.js:226:5)
15 verbose pkgid css@1.0.0
16 verbose cwd /Users/jameslemire/Documents/DevMtn/DevMtn-CSS-Store
17 error Darwin 16.3.0
18 error argv "/usr/local/bin/node" "/usr/local/bin/npm" "run" "karma"
19 error node v6.9.2
20 error npm  v3.10.9
21 error code ELIFECYCLE
22 error css@1.0.0 karma: `./node_modules/karma/bin/karma start`
22 error Exit status 1
23 error Failed at the css@1.0.0 karma script './node_modules/karma/bin/karma start'.
23 error Make sure you have the latest version of node.js and npm installed.
23 error If you do, this is most likely a problem with the css package,
23 error not with npm itself.
23 error Tell the author that this fails on your system:
23 error     ./node_modules/karma/bin/karma start
23 error You can get information on how to open an issue for this project with:
23 error     npm bugs css
23 error Or if that isn't available, you can get their info via:
23 error     npm owner ls css
23 error There is likely additional logging output above.
24 verbose exit [ 1, true ]
